Dec 10, 2021 11:14:41 PM de.gurkenlabs.litiengine.environment.MapObjectLoader loadCustomMapObjectProperties
WARNING: entity #19: value "10" for custom property velocity could not be set.
Dec 10, 2021 11:14:59 PM de.gurkenlabs.litiengine.environment.MapObjectLoader loadCustomMapObjectProperties
WARNING: entity #19: value "10" for custom property velocity could not be set.
Dec 11, 2021 11:29:32 AM de.gurkenlabs.litiengine.environment.MapObjectLoader loadCustomMapObjectProperties
WARNING: entity #19: value "10" for custom property velocity could not be set.
Dec 11, 2021 11:31:02 AM de.gurkenlabs.litiengine.environment.MapObjectLoader loadCustomMapObjectProperties
WARNING: entity #19: value "10" for custom property velocity could not be set.
Dec 11, 2021 11:33:45 AM de.gurkenlabs.litiengine.environment.MapObjectLoader loadCustomMapObjectProperties
WARNING: entity #19: value "10" for custom property velocity could not be set.
Dec 11, 2021 11:37:22 AM de.gurkenlabs.litiengine.environment.MapObjectLoader loadCustomMapObjectProperties
WARNING: entity #19: value "10" for custom property velocity could not be set.
Dec 11, 2021 11:38:44 AM de.gurkenlabs.litiengine.environment.MapObjectLoader loadCustomMapObjectProperties
WARNING: entity #19: value "10" for custom property velocity could not be set.
Dec 11, 2021 11:39:41 AM de.gurkenlabs.litiengine.environment.MapObjectLoader loadCustomMapObjectProperties
WARNING: entity #19: value "10" for custom property velocity could not be set.
Dec 11, 2021 11:41:17 AM de.gurkenlabs.litiengine.environment.MapObjectLoader loadCustomMapObjectProperties
WARNING: entity #19: value "10" for custom property velocity could not be set.
Dec 11, 2021 12:00:47 PM de.gurkenlabs.litiengine.environment.MapObjectLoader loadCustomMapObjectProperties
WARNING: entity #19: value "10" for custom property velocity could not be set.
Dec 11, 2021 12:33:37 PM de.gurkenlabs.litiengine.DefaultUncaughtExceptionHandler uncaughtException
SEVERE: Game crashed! :(
de.gurkenlabs.litiengine.resources.ResourceLoadException: javax.imageio.IIOException: Can't get input stream from URL!
	at de.gurkenlabs.litiengine.resources.ResourcesContainer.loadResource(ResourcesContainer.java:391)
	at java.base/java.util.concurrent.ConcurrentHashMap.computeIfAbsent(ConcurrentHashMap.java:1708)
	at de.gurkenlabs.litiengine.resources.ResourcesContainer.get(ResourcesContainer.java:273)
	at de.gurkenlabs.litiengine.resources.ResourcesContainer.get(ResourcesContainer.java:207)
	at core.Engine.run(Engine.kt:22)
	at GameKt.main(Game.kt:5)
	at GameKt.main(Game.kt)
Caused by: javax.imageio.IIOException: Can't get input stream from URL!
	at java.desktop/javax.imageio.ImageIO.read(ImageIO.java:1409)
	at de.gurkenlabs.litiengine.resources.Images.load(Images.java:49)
	at de.gurkenlabs.litiengine.resources.Images.load(Images.java:12)
	at de.gurkenlabs.litiengine.resources.ResourcesContainer.loadResource(ResourcesContainer.java:389)
	... 6 more
Caused by: java.io.FileNotFoundException: /home/Honjo/Documents/Kotlin Learning Projects/LitiengineTest/icon.png (No such file or directory)
	at java.base/java.io.FileInputStream.open0(Native Method)
	at java.base/java.io.FileInputStream.open(FileInputStream.java:216)
	at java.base/java.io.FileInputStream.<init>(FileInputStream.java:157)
	at java.base/java.io.FileInputStream.<init>(FileInputStream.java:111)
	at java.base/sun.net.www.protocol.file.FileURLConnection.connect(FileURLConnection.java:86)
	at java.base/sun.net.www.protocol.file.FileURLConnection.getInputStream(FileURLConnection.java:189)
	at java.base/java.net.URL.openStream(URL.java:1161)
	at java.desktop/javax.imageio.ImageIO.read(ImageIO.java:1407)
	... 9 more

Dec 11, 2021 12:34:50 PM de.gurkenlabs.litiengine.DefaultUncaughtExceptionHandler uncaughtException
SEVERE: Game crashed! :(
de.gurkenlabs.litiengine.resources.ResourceLoadException: javax.imageio.IIOException: Can't get input stream from URL!
	at de.gurkenlabs.litiengine.resources.ResourcesContainer.loadResource(ResourcesContainer.java:391)
	at java.base/java.util.concurrent.ConcurrentHashMap.computeIfAbsent(ConcurrentHashMap.java:1708)
	at de.gurkenlabs.litiengine.resources.ResourcesContainer.get(ResourcesContainer.java:273)
	at de.gurkenlabs.litiengine.resources.ResourcesContainer.get(ResourcesContainer.java:207)
	at core.Engine.run(Engine.kt:22)
	at GameKt.main(Game.kt:5)
	at GameKt.main(Game.kt)
Caused by: javax.imageio.IIOException: Can't get input stream from URL!
	at java.desktop/javax.imageio.ImageIO.read(ImageIO.java:1409)
	at de.gurkenlabs.litiengine.resources.Images.load(Images.java:49)
	at de.gurkenlabs.litiengine.resources.Images.load(Images.java:12)
	at de.gurkenlabs.litiengine.resources.ResourcesContainer.loadResource(ResourcesContainer.java:389)
	... 6 more
Caused by: java.io.FileNotFoundException: /home/Honjo/Documents/Kotlin Learning Projects/LitiengineTest/resources/sprites/icon.png (No such file or directory)
	at java.base/java.io.FileInputStream.open0(Native Method)
	at java.base/java.io.FileInputStream.open(FileInputStream.java:216)
	at java.base/java.io.FileInputStream.<init>(FileInputStream.java:157)
	at java.base/java.io.FileInputStream.<init>(FileInputStream.java:111)
	at java.base/sun.net.www.protocol.file.FileURLConnection.connect(FileURLConnection.java:86)
	at java.base/sun.net.www.protocol.file.FileURLConnection.getInputStream(FileURLConnection.java:189)
	at java.base/java.net.URL.openStream(URL.java:1161)
	at java.desktop/javax.imageio.ImageIO.read(ImageIO.java:1407)
	... 9 more

